core   0: 0x0000000000001000 (0x00000297) auipc   t0, 0x0
core   0: 3 0x0000000000001000 (0x00000297) x5  0x0000000000001000
core   0: 0x0000000000001004 (0x02028593) addi    a1, t0, 32
core   0: 3 0x0000000000001004 (0x02028593) x11 0x0000000000001020
core   0: 0x0000000000001008 (0xf1402573) csrr    a0, mhartid
core   0: 3 0x0000000000001008 (0xf1402573) x10 0x0000000000000000
core   0: 0x000000000000100c (0x0182b283) ld      t0, 24(t0)
core   0: 3 0x000000000000100c (0x0182b283) x5  0x0000000080000000 mem 0x0000000000001018
core   0: 0x0000000000001010 (0x00028067) jr      t0
core   0: 3 0x0000000000001010 (0x00028067)
core   0: >>>>  $xrv64i2p0_m2p0_a2p0_f2p0_d2p0_zmmul1p0
core   0: 0x0000000080000000 (0x00002117) auipc   sp, 0x2
core   0: 3 0x0000000080000000 (0x00002117) x2  0x0000000080002000
core   0: 0x0000000080000004 (0x00010113) mv      sp, sp
core   0: 3 0x0000000080000004 (0x00010113) x2  0x0000000080002000
core   0: 0x0000000080000008 (0x00000297) auipc   t0, 0x0
core   0: 3 0x0000000080000008 (0x00000297) x5  0x0000000080000008
core   0: 0x000000008000000c (0x09428293) addi    t0, t0, 148
core   0: 3 0x000000008000000c (0x09428293) x5  0x000000008000009c
core   0: 0x0000000080000010 (0x30529073) csrw    mtvec, t0
core   0: 3 0x0000000080000010 (0x30529073) c773_mtvec 0x000000008000009c
core   0: 0x0000000080000014 (0x00000513) li      a0, 0
core   0: 3 0x0000000080000014 (0x00000513) x10 0x0000000000000000
core   0: 0x0000000080000018 (0x03c000ef) jal     pc + 0x3c
core   0: 3 0x0000000080000018 (0x03c000ef) x1  0x000000008000001c
core   0: >>>>  switch_mode
core   0: 0x0000000080000054 (0x08000293) li      t0, 128
core   0: 3 0x0000000080000054 (0x08000293) x5  0x0000000000000080
core   0: 0x0000000080000058 (0x00000313) li      t1, 0
core   0: 3 0x0000000080000058 (0x00000313) x6  0x0000000000000000
core   0: 0x000000008000005c (0x00650863) beq     a0, t1, pc + 16
core   0: 3 0x000000008000005c (0x00650863)
core   0: >>>>  set_supervisor_mode
core   0: 0x000000008000006c (0x300023f3) csrr    t2, mstatus
core   0: 3 0x000000008000006c (0x300023f3) x7  0x0000000a00000000
core   0: 0x0000000080000070 (0x00001e37) lui     t3, 0x1
core   0: 3 0x0000000080000070 (0x00001e37) x28 0x0000000000001000
core   0: 0x0000000080000074 (0x800e0e1b) addiw   t3, t3, -2048
core   0: 3 0x0000000080000074 (0x800e0e1b) x28 0x0000000000000800
core   0: 0x0000000080000078 (0x01c3e3b3) or      t2, t2, t3
core   0: 3 0x0000000080000078 (0x01c3e3b3) x7  0x0000000a00000800
core   0: 0x000000008000007c (0x30039073) csrw    mstatus, t2
core   0: 3 0x000000008000007c (0x30039073) c768_mstatus 0x0000000a00000800
core   0: 0x0000000080000080 (0x00008067) ret
core   0: 3 0x0000000080000080 (0x00008067)
core   0: 0x000000008000001c (0x00000073) ecall
core   0: exception trap_machine_ecall, epc 0x000000008000001c
core   0: >>>>  trap_handler
core   0: 0x000000008000009c (0xff010113) addi    sp, sp, -16
core   0: 3 0x000000008000009c (0xff010113) x2  0x0000000080001ff0
core   0: 0x00000000800000a0 (0x00512023) sw      t0, 0(sp)
core   0: 3 0x00000000800000a0 (0x00512023) mem 0x0000000080001ff0 0x00000080
core   0: 0x00000000800000a4 (0x00612223) sw      t1, 4(sp)
core   0: 3 0x00000000800000a4 (0x00612223) mem 0x0000000080001ff4 0x00000000
core   0: 0x00000000800000a8 (0x00712423) sw      t2, 8(sp)
core   0: 3 0x00000000800000a8 (0x00712423) mem 0x0000000080001ff8 0x00000800
core   0: 0x00000000800000ac (0x01c12623) sw      t3, 12(sp)
core   0: 3 0x00000000800000ac (0x01c12623) mem 0x0000000080001ffc 0x00000800
core   0: 0x00000000800000b0 (0x300023f3) csrr    t2, mstatus
core   0: 3 0x00000000800000b0 (0x300023f3) x7  0x0000000a00001800
core   0: 0x00000000800000b4 (0x342022f3) csrr    t0, mcause
core   0: 3 0x00000000800000b4 (0x342022f3) x5  0x000000000000000b
core   0: 0x00000000800000b8 (0x00800313) li      t1, 8
core   0: 3 0x00000000800000b8 (0x00800313) x6  0x0000000000000008
core   0: 0x00000000800000bc (0x00628863) beq     t0, t1, pc + 16
core   0: 3 0x00000000800000bc (0x00628863)
core   0: 0x00000000800000c0 (0x00900313) li      t1, 9
core   0: 3 0x00000000800000c0 (0x00900313) x6  0x0000000000000009
core   0: 0x00000000800000c4 (0x00628663) beq     t0, t1, pc + 12
core   0: 3 0x00000000800000c4 (0x00628663)
core   0: 0x00000000800000c8 (0x02c0006f) j       pc + 0x2c
core   0: 3 0x00000000800000c8 (0x02c0006f)
core   0: >>>>  return_from_trap
core   0: 0x00000000800000f4 (0x00012283) lw      t0, 0(sp)
core   0: 3 0x00000000800000f4 (0x00012283) x5  0x0000000000000080 mem 0x0000000080001ff0
core   0: 0x00000000800000f8 (0x00412303) lw      t1, 4(sp)
core   0: 3 0x00000000800000f8 (0x00412303) x6  0x0000000000000000 mem 0x0000000080001ff4
core   0: 0x00000000800000fc (0x00812383) lw      t2, 8(sp)
core   0: 3 0x00000000800000fc (0x00812383) x7  0x0000000000000800 mem 0x0000000080001ff8
core   0: 0x0000000080000100 (0x00c12e03) lw      t3, 12(sp)
core   0: 3 0x0000000080000100 (0x00c12e03) x28 0x0000000000000800 mem 0x0000000080001ffc
core   0: 0x0000000080000104 (0x01010113) addi    sp, sp, 16
core   0: 3 0x0000000080000104 (0x01010113) x2  0x0000000080002000
core   0: 0x0000000080000108 (0x341022f3) csrr    t0, mepc
core   0: 3 0x0000000080000108 (0x341022f3) x5  0x000000008000001c
core   0: 0x000000008000010c (0x00428293) addi    t0, t0, 4
core   0: 3 0x000000008000010c (0x00428293) x5  0x0000000080000020
core   0: 0x0000000080000110 (0x34129073) csrw    mepc, t0
core   0: 3 0x0000000080000110 (0x34129073) c833_mepc 0x0000000080000020
core   0: 0x0000000080000114 (0x30200073) mret
core   0: 3 0x0000000080000114 (0x30200073) c768_mstatus 0x0000000a00000080
core   0: 0x0000000080000020 (0x00100513) li      a0, 1
core   0: 3 0x0000000080000020 (0x00100513) x10 0x0000000000000001
core   0: 0x0000000080000024 (0x030000ef) jal     pc + 0x30
core   0: 3 0x0000000080000024 (0x030000ef) x1  0x0000000080000028
core   0: >>>>  switch_mode
core   0: 0x0000000080000054 (0x08000293) li      t0, 128
core   0: 3 0x0000000080000054 (0x08000293) x5  0x0000000000000080
core   0: 0x0000000080000058 (0x00000313) li      t1, 0
core   0: 3 0x0000000080000058 (0x00000313) x6  0x0000000000000000
core   0: 0x000000008000005c (0x00650863) beq     a0, t1, pc + 16
core   0: 3 0x000000008000005c (0x00650863)
core   0: 0x0000000080000060 (0x00100313) li      t1, 1
core   0: 3 0x0000000080000060 (0x00100313) x6  0x0000000000000001
core   0: 0x0000000080000064 (0x02650063) beq     a0, t1, pc + 32
core   0: 3 0x0000000080000064 (0x02650063)
core   0: >>>>  set_user_mode
core   0: 0x0000000080000084 (0x300023f3) csrr    t2, mstatus
core   0: 3 0x0000000080000084 (0x300023f3) x7  0x0000000a00000080
core   0: 0x0000000080000088 (0x00001e37) lui     t3, 0x1
core   0: 3 0x0000000080000088 (0x00001e37) x28 0x0000000000001000
core   0: 0x000000008000008c (0x01c3e3b3) or      t2, t2, t3
core   0: 3 0x000000008000008c (0x01c3e3b3) x7  0x0000000a00001080
core   0: 0x0000000080000090 (0x30039073) csrw    mstatus, t2
core   0: 3 0x0000000080000090 (0x30039073) c768_mstatus 0x0000000a00000080
core   0: 0x0000000080000094 (0x00008067) ret
core   0: 3 0x0000000080000094 (0x00008067)
core   0: 0x0000000080000028 (0x00000073) ecall
core   0: exception trap_machine_ecall, epc 0x0000000080000028
core   0: >>>>  trap_handler
core   0: 0x000000008000009c (0xff010113) addi    sp, sp, -16
core   0: 3 0x000000008000009c (0xff010113) x2  0x0000000080001ff0
core   0: 0x00000000800000a0 (0x00512023) sw      t0, 0(sp)
core   0: 3 0x00000000800000a0 (0x00512023) mem 0x0000000080001ff0 0x00000080
core   0: 0x00000000800000a4 (0x00612223) sw      t1, 4(sp)
core   0: 3 0x00000000800000a4 (0x00612223) mem 0x0000000080001ff4 0x00000001
core   0: 0x00000000800000a8 (0x00712423) sw      t2, 8(sp)
core   0: 3 0x00000000800000a8 (0x00712423) mem 0x0000000080001ff8 0x00001080
core   0: 0x00000000800000ac (0x01c12623) sw      t3, 12(sp)
core   0: 3 0x00000000800000ac (0x01c12623) mem 0x0000000080001ffc 0x00001000
core   0: 0x00000000800000b0 (0x300023f3) csrr    t2, mstatus
core   0: 3 0x00000000800000b0 (0x300023f3) x7  0x0000000a00001800
core   0: 0x00000000800000b4 (0x342022f3) csrr    t0, mcause
core   0: 3 0x00000000800000b4 (0x342022f3) x5  0x000000000000000b
core   0: 0x00000000800000b8 (0x00800313) li      t1, 8
core   0: 3 0x00000000800000b8 (0x00800313) x6  0x0000000000000008
core   0: 0x00000000800000bc (0x00628863) beq     t0, t1, pc + 16
core   0: 3 0x00000000800000bc (0x00628863)
core   0: 0x00000000800000c0 (0x00900313) li      t1, 9
core   0: 3 0x00000000800000c0 (0x00900313) x6  0x0000000000000009
core   0: 0x00000000800000c4 (0x00628663) beq     t0, t1, pc + 12
core   0: 3 0x00000000800000c4 (0x00628663)
core   0: 0x00000000800000c8 (0x02c0006f) j       pc + 0x2c
core   0: 3 0x00000000800000c8 (0x02c0006f)
core   0: >>>>  return_from_trap
core   0: 0x00000000800000f4 (0x00012283) lw      t0, 0(sp)
core   0: 3 0x00000000800000f4 (0x00012283) x5  0x0000000000000080 mem 0x0000000080001ff0
core   0: 0x00000000800000f8 (0x00412303) lw      t1, 4(sp)
core   0: 3 0x00000000800000f8 (0x00412303) x6  0x0000000000000001 mem 0x0000000080001ff4
core   0: 0x00000000800000fc (0x00812383) lw      t2, 8(sp)
core   0: 3 0x00000000800000fc (0x00812383) x7  0x0000000000001080 mem 0x0000000080001ff8
core   0: 0x0000000080000100 (0x00c12e03) lw      t3, 12(sp)
core   0: 3 0x0000000080000100 (0x00c12e03) x28 0x0000000000001000 mem 0x0000000080001ffc
core   0: 0x0000000080000104 (0x01010113) addi    sp, sp, 16
core   0: 3 0x0000000080000104 (0x01010113) x2  0x0000000080002000
core   0: 0x0000000080000108 (0x341022f3) csrr    t0, mepc
core   0: 3 0x0000000080000108 (0x341022f3) x5  0x0000000080000028
core   0: 0x000000008000010c (0x00428293) addi    t0, t0, 4
core   0: 3 0x000000008000010c (0x00428293) x5  0x000000008000002c
core   0: 0x0000000080000110 (0x34129073) csrw    mepc, t0
core   0: 3 0x0000000080000110 (0x34129073) c833_mepc 0x000000008000002c
core   0: 0x0000000080000114 (0x30200073) mret
core   0: 3 0x0000000080000114 (0x30200073) c768_mstatus 0x0000000a00000080
core   0: 0x000000008000002c (0x300023f3) csrr    t2, mstatus
core   0: 3 0x000000008000002c (0x300023f3) x7  0x0000000a00000080
core   0: 0x0000000080000030 (0xffffee37) lui     t3, 0xffffe
core   0: 3 0x0000000080000030 (0xffffee37) x28 0xffffffffffffe000
core   0: 0x0000000080000034 (0x7ffe0e1b) addiw   t3, t3, 2047
core   0: 3 0x0000000080000034 (0x7ffe0e1b) x28 0xffffffffffffe7ff
core   0: 0x0000000080000038 (0x01c3f3b3) and     t2, t2, t3
core   0: 3 0x0000000080000038 (0x01c3f3b3) x7  0x0000000a00000080
core   0: 0x000000008000003c (0x30039073) csrw    mstatus, t2
core   0: 3 0x000000008000003c (0x30039073) c768_mstatus 0x0000000a00000080
core   0: 0x0000000080000040 (0x00a00513) li      a0, 10
core   0: 3 0x0000000080000040 (0x00a00513) x10 0x000000000000000a
core   0: 0x0000000080000044 (0x00100293) li      t0, 1
core   0: 3 0x0000000080000044 (0x00100293) x5  0x0000000000000001
core   0: 0x0000000080000048 (0x00003317) auipc   t1, 0x3
core   0: 3 0x0000000080000048 (0x00003317) x6  0x0000000080003048
core   0: 0x000000008000004c (0xfb830313) addi    t1, t1, -72
core   0: 3 0x000000008000004c (0xfb830313) x6  0x0000000080003000
core   0: 0x0000000080000050 (0x00532023) sw      t0, 0(t1)
core   0: 3 0x0000000080000050 (0x00532023) mem 0x0000000080003000 0x00000001
core   0: >>>>  switch_mode
core   0: 0x0000000080000054 (0x08000293) li      t0, 128
core   0: 3 0x0000000080000054 (0x08000293) x5  0x0000000000000080
core   0: 0x0000000080000058 (0x00000313) li      t1, 0
core   0: 3 0x0000000080000058 (0x00000313) x6  0x0000000000000000
core   0: 0x000000008000005c (0x00650863) beq     a0, t1, pc + 16
core   0: 3 0x000000008000005c (0x00650863)
core   0: 0x0000000080000060 (0x00100313) li      t1, 1
core   0: 3 0x0000000080000060 (0x00100313) x6  0x0000000000000001
core   0: 0x0000000080000064 (0x02650063) beq     a0, t1, pc + 32
core   0: 3 0x0000000080000064 (0x02650063)
core   0: 0x0000000080000068 (0x0300006f) j       pc + 0x30
core   0: 3 0x0000000080000068 (0x0300006f)
core   0: >>>>  end
core   0: 0x0000000080000098 (0x00008067) ret
core   0: 3 0x0000000080000098 (0x00008067)
core   0: 0x0000000080000028 (0x00000073) ecall
core   0: exception trap_machine_ecall, epc 0x0000000080000028
