core   0: 0x0000000000001000 (0x00000297) auipc   t0, 0x0
core   0: 3 0x0000000000001000 (0x00000297) x5  0x0000000000001000
core   0: 0x0000000000001004 (0x02028593) addi    a1, t0, 32
core   0: 3 0x0000000000001004 (0x02028593) x11 0x0000000000001020
core   0: 0x0000000000001008 (0xf1402573) csrr    a0, mhartid
core   0: 3 0x0000000000001008 (0xf1402573) x10 0x0000000000000000
core   0: 0x000000000000100c (0x0182b283) ld      t0, 24(t0)
core   0: 3 0x000000000000100c (0x0182b283) x5  0x0000000080001000 mem 0x0000000000001018
core   0: 0x0000000000001010 (0x00028067) jr      t0
core   0: 3 0x0000000000001010 (0x00028067)
core   0: >>>>  $xrv64i2p0_m2p0_a2p0_f2p0_d2p0_zmmul1p0
core   0: 0x0000000080001000 (0x00000297) auipc   t0, 0x0
core   0: 3 0x0000000080001000 (0x00000297) x5  0x0000000080001000
core   0: 0x0000000080001004 (0x02c28293) addi    t0, t0, 44
core   0: 3 0x0000000080001004 (0x02c28293) x5  0x000000008000102c
core   0: 0x0000000080001008 (0x10529073) csrw    stvec, t0
core   0: 3 0x0000000080001008 (0x10529073) c261_stvec 0x000000008000102c
core   0: 0x000000008000100c (0x00400293) li      t0, 4
core   0: 3 0x000000008000100c (0x00400293) x5  0x0000000000000004
core   0: 0x0000000080001010 (0x30229073) csrw    medeleg, t0
core   0: 3 0x0000000080001010 (0x30229073) c770_medeleg 0x0000000000000004
core   0: 0x0000000080001014 (0x300022f3) csrr    t0, mstatus
core   0: 3 0x0000000080001014 (0x300022f3) x5  0x0000000a00000000
core   0: 0x0000000080001018 (0x00002337) lui     t1, 0x2
core   0: 3 0x0000000080001018 (0x00002337) x6  0x0000000000002000
core   0: 0x000000008000101c (0x8003031b) addiw   t1, t1, -2048
core   0: 3 0x000000008000101c (0x8003031b) x6  0x0000000000001800
core   0: 0x0000000080001020 (0x0062e2b3) or      t0, t0, t1
core   0: 3 0x0000000080001020 (0x0062e2b3) x5  0x0000000a00001800
core   0: 0x0000000080001024 (0x30029073) csrw    mstatus, t0
core   0: 3 0x0000000080001024 (0x30029073) c768_mstatus 0x0000000a00001800
core   0: 0x0000000080001028 (0x0280006f) j       pc + 0x28
core   0: 3 0x0000000080001028 (0x0280006f)
core   0: >>>>  switch
core   0: 0x0000000080001050 (0x300022f3) csrr    t0, mstatus
core   0: 3 0x0000000080001050 (0x300022f3) x5  0x0000000a00001800
core   0: 0x0000000080001054 (0xffffe337) lui     t1, 0xffffe
core   0: 3 0x0000000080001054 (0xffffe337) x6  0xffffffffffffe000
core   0: 0x0000000080001058 (0x7ff3031b) addiw   t1, t1, 2047
core   0: 3 0x0000000080001058 (0x7ff3031b) x6  0xffffffffffffe7ff
core   0: 0x000000008000105c (0x0062f2b3) and     t0, t0, t1
core   0: 3 0x000000008000105c (0x0062f2b3) x5  0x0000000a00000000
core   0: 0x0000000080001060 (0x30029073) csrw    mstatus, t0
core   0: 3 0x0000000080001060 (0x30029073) c768_mstatus 0x0000000a00000000
core   0: 0x0000000080001064 (0x00000297) auipc   t0, 0x0
core   0: 3 0x0000000080001064 (0x00000297) x5  0x0000000080001064
core   0: 0x0000000080001068 (0x01028293) addi    t0, t0, 16
core   0: 3 0x0000000080001068 (0x01028293) x5  0x0000000080001074
core   0: 0x000000008000106c (0x34129073) csrw    mepc, t0
core   0: 3 0x000000008000106c (0x34129073) c833_mepc 0x0000000080001074
core   0: 0x0000000080001070 (0x30200073) mret
core   0: 3 0x0000000080001070 (0x30200073) c768_mstatus 0x0000000a00000080
core   0: >>>>  user_mode_start
core   0: 0x0000000080001074 (0x30200073) mret
core   0: exception trap_illegal_instruction, epc 0x0000000080001074
core   0:           tval 0x0000000030200073
core   0: >>>>  trap_handler
core   0: 0x000000008000102c (0x142022f3) csrr    t0, scause
core   0: 1 0x000000008000102c (0x142022f3) x5  0x0000000000000002
core   0: 0x0000000080001030 (0x14102373) csrr    t1, sepc
core   0: 1 0x0000000080001030 (0x14102373) x6  0x0000000080001074
core   0: 0x0000000080001034 (0x00200393) li      t2, 2
core   0: 1 0x0000000080001034 (0x00200393) x7  0x0000000000000002
core   0: 0x0000000080001038 (0x00728463) beq     t0, t2, pc + 8
core   0: 1 0x0000000080001038 (0x00728463)
core   0: >>>>  handle_illegal_instruction
core   0: 0x0000000080001040 (0x00430313) addi    t1, t1, 4
core   0: 1 0x0000000080001040 (0x00430313) x6  0x0000000080001078
core   0: 0x0000000080001044 (0x14131073) csrw    sepc, t1
core   0: 1 0x0000000080001044 (0x14131073) c321_sepc 0x0000000080001078
core   0: 0x0000000080001048 (0x0040006f) j       pc + 0x4
core   0: 1 0x0000000080001048 (0x0040006f)
core   0: >>>>  trap_exit
core   0: 0x000000008000104c (0x10200073) sret
core   0: 1 0x000000008000104c (0x10200073) c768_mstatus 0x0000000a000000a0
core   0: 0x0000000080001078 (0x00a00513) li      a0, 10
core   0: 0 0x0000000080001078 (0x00a00513) x10 0x000000000000000a
core   0: 0x000000008000107c (0x00100293) li      t0, 1
core   0: 0 0x000000008000107c (0x00100293) x5  0x0000000000000001
core   0: 0x0000000080001080 (0xfffff317) auipc   t1, 0xfffff
core   0: 0 0x0000000080001080 (0xfffff317) x6  0x0000000080000080
core   0: 0x0000000080001084 (0xf8030313) addi    t1, t1, -128
core   0: 0 0x0000000080001084 (0xf8030313) x6  0x0000000080000000
core   0: 0x0000000080001088 (0x00532023) sw      t0, 0(t1)
core   0: 0 0x0000000080001088 (0x00532023) mem 0x0000000080000000 0x00000001
core   0: 0x000000008000108c (0x00000073) ecall
core   0: exception trap_user_ecall, epc 0x000000008000108c
