core   0: 0x00001000 (0x00000297) auipc   t0, 0x0
core   0: 3 0x00001000 (0x00000297) x5  0x00001000
core   0: 0x00001004 (0x02028593) addi    a1, t0, 32
core   0: 3 0x00001004 (0x02028593) x11 0x00001020
core   0: 0x00001008 (0xf1402573) csrr    a0, mhartid
core   0: 3 0x00001008 (0xf1402573) x10 0x00000000
core   0: 0x0000100c (0x0182a283) lw      t0, 24(t0)
core   0: 3 0x0000100c (0x0182a283) x5  0x80001000 mem 0x00001018
core   0: 0x00001010 (0x00028067) jr      t0
core   0: 3 0x00001010 (0x00028067)
core   0: 0x80001000 (0x12e000ef) jal     pc + 0x12e
core   0: 3 0x80001000 (0x12e000ef) x1  0x80001004
core   0: 0x8000112e (0x300022f3) csrr    t0, mstatus
core   0: 3 0x8000112e (0x300022f3) x5  0x00000000
core   0: 0x80001132 (0x00006309) c.lui   t1, 0x2
core   0: 3 0x80001132 (0x6309) x6  0x00002000
core   0: 0x80001134 (0x80030313) addi    t1, t1, -2048
core   0: 3 0x80001134 (0x80030313) x6  0x00001800
core   0: 0x80001138 (0x0062e2b3) or      t0, t0, t1
core   0: 3 0x80001138 (0x0062e2b3) x5  0x00001800
core   0: 0x8000113c (0x30029073) csrw    mstatus, t0
core   0: 3 0x8000113c (0x30029073) c768_mstatus 0x00001800
core   0: 0x80001140 (0x00008082) ret
core   0: 3 0x80001140 (0x8082)
core   0: 0x80001004 (0x00000297) auipc   t0, 0x0
core   0: 3 0x80001004 (0x00000297) x5  0x80001004
core   0: 0x80001008 (0x07428293) addi    t0, t0, 116
core   0: 3 0x80001008 (0x07428293) x5  0x80001078
core   0: 0x8000100c (0x30529073) csrw    mtvec, t0
core   0: 3 0x8000100c (0x30529073) c773_mtvec 0x80001078
core   0: 0x80001010 (0x800012b7) lui     t0, 0x80001
core   0: 3 0x80001010 (0x800012b7) x5  0x80001000
core   0: 0x80001014 (0x0022d293) srli    t0, t0, 2
core   0: 3 0x80001014 (0x0022d293) x5  0x20000400
core   0: 0x80001018 (0x3b029073) csrw    pmpaddr0, t0
core   0: 3 0x80001018 (0x3b029073) c944_pmpaddr0 0x20000400
core   0: 0x8000101c (0x800012b7) lui     t0, 0x80001
core   0: 3 0x8000101c (0x800012b7) x5  0x80001000
core   0: 0x80001020 (0x0022d293) srli    t0, t0, 2
core   0: 3 0x80001020 (0x0022d293) x5  0x20000400
core   0: 0x80001024 (0x1ff2e293) ori     t0, t0, 511
core   0: 3 0x80001024 (0x1ff2e293) x5  0x200005ff
core   0: 0x80001028 (0x3b129073) csrw    pmpaddr1, t0
core   0: 3 0x80001028 (0x3b129073) c945_pmpaddr1 0x200005ff
core   0: 0x8000102c (0x0707a2b7) lui     t0, 0x707a
core   0: 3 0x8000102c (0x0707a2b7) x5  0x0707a000
core   0: 0x80001030 (0xc8f28293) addi    t0, t0, -881
core   0: 3 0x80001030 (0xc8f28293) x5  0x07079c8f
core   0: 0x80001034 (0x3a029073) csrw    pmpcfg0, t0
core   0: 3 0x80001034 (0x3a029073) c928_pmpcfg0 0x07079c8f
core   0: 0x80001038 (0x800002b7) lui     t0, 0x80000
core   0: 3 0x80001038 (0x800002b7) x5  0x80000000
core   0: 0x8000103c (0x00004311) c.li    t1, 4
core   0: 3 0x8000103c (0x4311) x6  0x00000004
core   0: 0x8000103e (0x0062a023) sw      t1, 0(t0)
core   0: 3 0x8000103e (0x0062a023) mem 0x80000000 0x00000004
core   0: 0x80001042 (0x800002b7) lui     t0, 0x80000
core   0: 3 0x80001042 (0x800002b7) x5  0x80000000
core   0: 0x80001046 (0x0002a303) lw      t1, 0(t0)
core   0: 3 0x80001046 (0x0002a303) x6  0x00000004 mem 0x80000000
core   0: 0x8000104a (0x300022f3) csrr    t0, mstatus
core   0: 3 0x8000104a (0x300022f3) x5  0x00001800
core   0: 0x8000104e (0x00004285) c.li    t0, 1
core   0: 3 0x8000104e (0x4285) x5  0x00000001
core   0: 0x80001050 (0x74729073) csrw    mseccfg, t0
core   0: 3 0x80001050 (0x74729073) c1863_mseccfg 0x00000001
core   0: 0x80001054 (0x800002b7) lui     t0, 0x80000
core   0: 3 0x80001054 (0x800002b7) x5  0x80000000
core   0: 0x80001058 (0x00004311) c.li    t1, 4
core   0: 3 0x80001058 (0x4311) x6  0x00000004
core   0: 0x8000105a (0x0062a023) sw      t1, 0(t0)
core   0: exception trap_store_access_fault, epc 0x8000105a
core   0:           tval 0x80000000
core   0: >>>>  trap_handler
core   0: 0x80001078 (0x34202ef3) csrr    t4, mcause
core   0: 3 0x80001078 (0x34202ef3) x29 0x00000007
core   0: 0x8000107c (0x00004321) c.li    t1, 8
core   0: 3 0x8000107c (0x4321) x6  0x00000008
core   0: 0x8000107e (0x086e8863) beq     t4, t1, pc + 144
core   0: 3 0x8000107e (0x086e8863)
core   0: 0x80001082 (0x00004325) c.li    t1, 9
core   0: 3 0x80001082 (0x4325) x6  0x00000009
core   0: 0x80001084 (0x066e8063) beq     t4, t1, pc + 96
core   0: 3 0x80001084 (0x066e8063)
core   0: 0x80001088 (0x00004331) c.li    t1, 12
core   0: 3 0x80001088 (0x4331) x6  0x0000000c
core   0: 0x8000108a (0x026e8763) beq     t4, t1, pc + 46
core   0: 3 0x8000108a (0x026e8763)
core   0: 0x8000108e (0x00004315) c.li    t1, 5
core   0: 3 0x8000108e (0x4315) x6  0x00000005
core   0: 0x80001090 (0x006e8663) beq     t4, t1, pc + 12
core   0: 3 0x80001090 (0x006e8663)
core   0: 0x80001094 (0x0000431d) c.li    t1, 7
core   0: 3 0x80001094 (0x431d) x6  0x00000007
core   0: 0x80001096 (0x006e8a63) beq     t4, t1, pc + 20
core   0: 3 0x80001096 (0x006e8a63)
core   0: 0x800010aa (0x341022f3) csrr    t0, mepc
core   0: 3 0x800010aa (0x341022f3) x5  0x8000105a
core   0: 0x800010ae (0x00000291) c.addi  t0, 4
core   0: 3 0x800010ae (0x0291) x5  0x8000105e
core   0: 0x800010b0 (0x34129073) csrw    mepc, t0
core   0: 3 0x800010b0 (0x34129073) c833_mepc 0x8000105e
core   0: 0x800010b4 (0x30200073) mret
core   0: 3 0x800010b4 (0x30200073) c784_mstatush 0x00000000 c768_mstatus 0x00000080
core   0: 0x8000105e (0x800002b7) lui     t0, 0x80000
core   0: 3 0x8000105e (0x800002b7) x5  0x80000000
core   0: 0x80001062 (0x0002a303) lw      t1, 0(t0)
core   0: 3 0x80001062 (0x0002a303) x6  0x00000004 mem 0x80000000
core   0: 0x80001066 (0x00004285) c.li    t0, 1
core   0: 3 0x80001066 (0x4285) x5  0x00000001
core   0: 0x80001068 (0x00004317) auipc   t1, 0x4
core   0: 3 0x80001068 (0x00004317) x6  0x80005068
core   0: 0x8000106c (0xf9830313) addi    t1, t1, -104
core   0: 3 0x8000106c (0xf9830313) x6  0x80005000
core   0: 0x80001070 (0x00532023) sw      t0, 0(t1)
core   0: 3 0x80001070 (0x00532023) mem 0x80005000 0x00000001
core   0: 0x80001074 (0x00000073) ecall
core   0: exception trap_machine_ecall, epc 0x80001074
