core   0: 0x0000000000001000 (0x00000297) auipc   t0, 0x0
core   0: 3 0x0000000000001000 (0x00000297) x5  0x0000000000001000
core   0: 0x0000000000001004 (0x02028593) addi    a1, t0, 32
core   0: 3 0x0000000000001004 (0x02028593) x11 0x0000000000001020
core   0: 0x0000000000001008 (0xf1402573) csrr    a0, mhartid
core   0: 3 0x0000000000001008 (0xf1402573) x10 0x0000000000000000
core   0: 0x000000000000100c (0x0182b283) ld      t0, 24(t0)
core   0: 3 0x000000000000100c (0x0182b283) x5  0x0000000080000000 mem 0x0000000000001018
core   0: 0x0000000000001010 (0x00028067) jr      t0
core   0: 3 0x0000000000001010 (0x00028067)
core   0: >>>>  $xrv64i2p0_m2p0_a2p0_f2p0_d2p0_zmmul1p0
core   0: 0x0000000080000000 (0x00000297) auipc   t0, 0x0
core   0: 3 0x0000000080000000 (0x00000297) x5  0x0000000080000000
core   0: 0x0000000080000004 (0x13428293) addi    t0, t0, 308
core   0: 3 0x0000000080000004 (0x13428293) x5  0x0000000080000134
core   0: 0x0000000080000008 (0x30529073) csrw    mtvec, t0
core   0: 3 0x0000000080000008 (0x30529073) c773_mtvec 0x0000000080000134
core   0: 0x000000008000000c (0x300023f3) csrr    t2, mstatus
core   0: 3 0x000000008000000c (0x300023f3) x7  0x0000000a00000000
core   0: 0x0000000080000010 (0x000022b7) lui     t0, 0x2
core   0: 3 0x0000000080000010 (0x000022b7) x5  0x0000000000002000
core   0: 0x0000000080000014 (0x8002829b) addiw   t0, t0, -2048
core   0: 3 0x0000000080000014 (0x8002829b) x5  0x0000000000001800
core   0: 0x0000000080000018 (0x0053e3b3) or      t2, t2, t0
core   0: 3 0x0000000080000018 (0x0053e3b3) x7  0x0000000a00001800
core   0: 0x000000008000001c (0x30039073) csrw    mstatus, t2
core   0: 3 0x000000008000001c (0x30039073) c768_mstatus 0x0000000a00001800
core   0: 0x0000000080000020 (0x068000ef) jal     pc + 0x68
core   0: 3 0x0000000080000020 (0x068000ef) x1  0x0000000080000024
core   0: >>>>  configure_pmp
core   0: 0x0000000080000088 (0x000802b7) lui     t0, 0x80
core   0: 3 0x0000000080000088 (0x000802b7) x5  0x0000000000080000
core   0: 0x000000008000008c (0x0012829b) addiw   t0, t0, 1
core   0: 3 0x000000008000008c (0x0012829b) x5  0x0000000000080001
core   0: 0x0000000080000090 (0x00c29293) slli    t0, t0, 12
core   0: 3 0x0000000080000090 (0x00c29293) x5  0x0000000080001000
core   0: 0x0000000080000094 (0x0022d293) srli    t0, t0, 2
core   0: 3 0x0000000080000094 (0x0022d293) x5  0x0000000020000400
core   0: 0x0000000080000098 (0x3b029073) csrw    pmpaddr0, t0
core   0: 3 0x0000000080000098 (0x3b029073) c944_pmpaddr0 0x0000000020000400
core   0: 0x000000008000009c (0x08c00293) li      t0, 140
core   0: 3 0x000000008000009c (0x08c00293) x5  0x000000000000008c
core   0: 0x00000000800000a0 (0x3a029073) csrw    pmpcfg0, t0
core   0: 3 0x00000000800000a0 (0x3a029073) c928_pmpcfg0 0x000000000000008c
core   0: 0x00000000800000a4 (0x000802b7) lui     t0, 0x80
core   0: 3 0x00000000800000a4 (0x000802b7) x5  0x0000000000080000
core   0: 0x00000000800000a8 (0x0012829b) addiw   t0, t0, 1
core   0: 3 0x00000000800000a8 (0x0012829b) x5  0x0000000000080001
core   0: 0x00000000800000ac (0x00c29293) slli    t0, t0, 12
core   0: 3 0x00000000800000ac (0x00c29293) x5  0x0000000080001000
core   0: 0x00000000800000b0 (0x0022d293) srli    t0, t0, 2
core   0: 3 0x00000000800000b0 (0x0022d293) x5  0x0000000020000400
core   0: 0x00000000800000b4 (0x1ff2e293) ori     t0, t0, 511
core   0: 3 0x00000000800000b4 (0x1ff2e293) x5  0x00000000200005ff
core   0: 0x00000000800000b8 (0x3b129073) csrw    pmpaddr1, t0
core   0: 3 0x00000000800000b8 (0x3b129073) c945_pmpaddr1 0x00000000200005ff
core   0: 0x00000000800000bc (0x0000a2b7) lui     t0, 0xa
core   0: 3 0x00000000800000bc (0x0000a2b7) x5  0x000000000000a000
core   0: 0x00000000800000c0 (0x98c2829b) addiw   t0, t0, -1652
core   0: 3 0x00000000800000c0 (0x98c2829b) x5  0x000000000000998c
core   0: 0x00000000800000c4 (0x3a029073) csrw    pmpcfg0, t0
core   0: 3 0x00000000800000c4 (0x3a029073) c928_pmpcfg0 0x000000000000998c
core   0: 0x00000000800000c8 (0x00008067) ret
core   0: 3 0x00000000800000c8 (0x00008067)
core   0: 0x0000000080000024 (0x300023f3) csrr    t2, mstatus
core   0: 3 0x0000000080000024 (0x300023f3) x7  0x0000000a00001800
core   0: 0x0000000080000028 (0xffffee37) lui     t3, 0xffffe
core   0: 3 0x0000000080000028 (0xffffee37) x28 0xffffffffffffe000
core   0: 0x000000008000002c (0x7ffe0e1b) addiw   t3, t3, 2047
core   0: 3 0x000000008000002c (0x7ffe0e1b) x28 0xffffffffffffe7ff
core   0: 0x0000000080000030 (0x007e73b3) and     t2, t3, t2
core   0: 3 0x0000000080000030 (0x007e73b3) x7  0x0000000a00000000
core   0: 0x0000000080000034 (0x000012b7) lui     t0, 0x1
core   0: 3 0x0000000080000034 (0x000012b7) x5  0x0000000000001000
core   0: 0x0000000080000038 (0x8002829b) addiw   t0, t0, -2048
core   0: 3 0x0000000080000038 (0x8002829b) x5  0x0000000000000800
core   0: 0x000000008000003c (0x0053e3b3) or      t2, t2, t0
core   0: 3 0x000000008000003c (0x0053e3b3) x7  0x0000000a00000800
core   0: 0x0000000080000040 (0x30039073) csrw    mstatus, t2
core   0: 3 0x0000000080000040 (0x30039073) c768_mstatus 0x0000000a00000800
core   0: 0x0000000080000044 (0x00000297) auipc   t0, 0x0
core   0: 3 0x0000000080000044 (0x00000297) x5  0x0000000080000044
core   0: 0x0000000080000048 (0x01028293) addi    t0, t0, 16
core   0: 3 0x0000000080000048 (0x01028293) x5  0x0000000080000054
core   0: 0x000000008000004c (0x34129073) csrw    mepc, t0
core   0: 3 0x000000008000004c (0x34129073) c833_mepc 0x0000000080000054
core   0: 0x0000000080000050 (0x30200073) mret
core   0: 3 0x0000000080000050 (0x30200073) c768_mstatus 0x0000000a00000080
core   0: >>>>  supervisor_mode
core   0: 0x0000000080000054 (0x078000ef) jal     pc + 0x78
core   0: 1 0x0000000080000054 (0x078000ef) x1  0x0000000080000058
core   0: >>>>  test_pmp_access
core   0: 0x00000000800000cc (0x00008413) mv      s0, ra
core   0: 1 0x00000000800000cc (0x00008413) x8  0x0000000080000058
core   0: 0x00000000800000d0 (0x0010029b) addiw   t0, zero, 1
core   0: 1 0x00000000800000d0 (0x0010029b) x5  0x0000000000000001
core   0: 0x00000000800000d4 (0x01f29293) slli    t0, t0, 31
core   0: 1 0x00000000800000d4 (0x01f29293) x5  0x0000000080000000
core   0: 0x00000000800000d8 (0x0002a303) lw      t1, 0(t0)
core   0: exception trap_load_access_fault, epc 0x00000000800000d8
core   0:           tval 0x0000000080000000
core   0: >>>>  trap_handler
core   0: 0x0000000080000134 (0x343022f3) csrr    t0, mtval
core   0: 3 0x0000000080000134 (0x343022f3) x5  0x0000000080000000
core   0: 0x0000000080000138 (0x342022f3) csrr    t0, mcause
core   0: 3 0x0000000080000138 (0x342022f3) x5  0x0000000000000005
core   0: 0x000000008000013c (0x00900313) li      t1, 9
core   0: 3 0x000000008000013c (0x00900313) x6  0x0000000000000009
core   0: 0x0000000080000140 (0x04628463) beq     t0, t1, pc + 72
core   0: 3 0x0000000080000140 (0x04628463)
core   0: 0x0000000080000144 (0x00100313) li      t1, 1
core   0: 3 0x0000000080000144 (0x00100313) x6  0x0000000000000001
core   0: 0x0000000080000148 (0x02628c63) beq     t0, t1, pc + 56
core   0: 3 0x0000000080000148 (0x02628c63)
core   0: 0x000000008000014c (0x00500313) li      t1, 5
core   0: 3 0x000000008000014c (0x00500313) x6  0x0000000000000005
core   0: 0x0000000080000150 (0x00628863) beq     t0, t1, pc + 16
core   0: 3 0x0000000080000150 (0x00628863)
core   0: >>>>  handle_load_fault
core   0: 0x0000000080000160 (0x341022f3) csrr    t0, mepc
core   0: 3 0x0000000080000160 (0x341022f3) x5  0x00000000800000d8
core   0: 0x0000000080000164 (0x00428293) addi    t0, t0, 4
core   0: 3 0x0000000080000164 (0x00428293) x5  0x00000000800000dc
core   0: 0x0000000080000168 (0x34129073) csrw    mepc, t0
core   0: 3 0x0000000080000168 (0x34129073) c833_mepc 0x00000000800000dc
core   0: 0x000000008000016c (0x30200073) mret
core   0: 3 0x000000008000016c (0x30200073) c768_mstatus 0x0000000a00000080
core   0: 0x00000000800000dc (0x0010029b) addiw   t0, zero, 1
core   0: 1 0x00000000800000dc (0x0010029b) x5  0x0000000000000001
core   0: 0x00000000800000e0 (0x01f29293) slli    t0, t0, 31
core   0: 1 0x00000000800000e0 (0x01f29293) x5  0x0000000080000000
core   0: 0x00000000800000e4 (0x00400313) li      t1, 4
core   0: 1 0x00000000800000e4 (0x00400313) x6  0x0000000000000004
core   0: 0x00000000800000e8 (0x0062a023) sw      t1, 0(t0)
core   0: exception trap_store_access_fault, epc 0x00000000800000e8
core   0:           tval 0x0000000080000000
core   0: >>>>  trap_handler
core   0: 0x0000000080000134 (0x343022f3) csrr    t0, mtval
core   0: 3 0x0000000080000134 (0x343022f3) x5  0x0000000080000000
core   0: 0x0000000080000138 (0x342022f3) csrr    t0, mcause
core   0: 3 0x0000000080000138 (0x342022f3) x5  0x0000000000000007
core   0: 0x000000008000013c (0x00900313) li      t1, 9
core   0: 3 0x000000008000013c (0x00900313) x6  0x0000000000000009
core   0: 0x0000000080000140 (0x04628463) beq     t0, t1, pc + 72
core   0: 3 0x0000000080000140 (0x04628463)
core   0: 0x0000000080000144 (0x00100313) li      t1, 1
core   0: 3 0x0000000080000144 (0x00100313) x6  0x0000000000000001
core   0: 0x0000000080000148 (0x02628c63) beq     t0, t1, pc + 56
core   0: 3 0x0000000080000148 (0x02628c63)
core   0: 0x000000008000014c (0x00500313) li      t1, 5
core   0: 3 0x000000008000014c (0x00500313) x6  0x0000000000000005
core   0: 0x0000000080000150 (0x00628863) beq     t0, t1, pc + 16
core   0: 3 0x0000000080000150 (0x00628863)
core   0: 0x0000000080000154 (0x00700313) li      t1, 7
core   0: 3 0x0000000080000154 (0x00700313) x6  0x0000000000000007
core   0: 0x0000000080000158 (0x00628c63) beq     t0, t1, pc + 24
core   0: 3 0x0000000080000158 (0x00628c63)
core   0: >>>>  handle_store_fault
core   0: 0x0000000080000170 (0x341022f3) csrr    t0, mepc
core   0: 3 0x0000000080000170 (0x341022f3) x5  0x00000000800000e8
core   0: 0x0000000080000174 (0x00428293) addi    t0, t0, 4
core   0: 3 0x0000000080000174 (0x00428293) x5  0x00000000800000ec
core   0: 0x0000000080000178 (0x34129073) csrw    mepc, t0
core   0: 3 0x0000000080000178 (0x34129073) c833_mepc 0x00000000800000ec
core   0: 0x000000008000017c (0x30200073) mret
core   0: 3 0x000000008000017c (0x30200073) c768_mstatus 0x0000000a00000080
core   0: 0x00000000800000ec (0x000802b7) lui     t0, 0x80
core   0: 1 0x00000000800000ec (0x000802b7) x5  0x0000000000080000
core   0: 0x00000000800000f0 (0x0012829b) addiw   t0, t0, 1
core   0: 1 0x00000000800000f0 (0x0012829b) x5  0x0000000000080001
core   0: 0x00000000800000f4 (0x00c29293) slli    t0, t0, 12
core   0: 1 0x00000000800000f4 (0x00c29293) x5  0x0000000080001000
core   0: 0x00000000800000f8 (0x00428293) addi    t0, t0, 4
core   0: 1 0x00000000800000f8 (0x00428293) x5  0x0000000080001004
core   0: 0x00000000800000fc (0x0002a303) lw      t1, 0(t0)
core   0: 1 0x00000000800000fc (0x0002a303) x6  0xffffffff87654321 mem 0x0000000080001004
core   0: 0x0000000080000100 (0x000802b7) lui     t0, 0x80
core   0: 1 0x0000000080000100 (0x000802b7) x5  0x0000000000080000
core   0: 0x0000000080000104 (0x0012829b) addiw   t0, t0, 1
core   0: 1 0x0000000080000104 (0x0012829b) x5  0x0000000000080001
core   0: 0x0000000080000108 (0x00c29293) slli    t0, t0, 12
core   0: 1 0x0000000080000108 (0x00c29293) x5  0x0000000080001000
core   0: 0x000000008000010c (0x00428293) addi    t0, t0, 4
core   0: 1 0x000000008000010c (0x00428293) x5  0x0000000080001004
core   0: 0x0000000080000110 (0x00400313) li      t1, 4
core   0: 1 0x0000000080000110 (0x00400313) x6  0x0000000000000004
core   0: 0x0000000080000114 (0x0062a023) sw      t1, 0(t0)
core   0: exception trap_store_access_fault, epc 0x0000000080000114
core   0:           tval 0x0000000080001004
core   0: >>>>  trap_handler
core   0: 0x0000000080000134 (0x343022f3) csrr    t0, mtval
core   0: 3 0x0000000080000134 (0x343022f3) x5  0x0000000080001004
core   0: 0x0000000080000138 (0x342022f3) csrr    t0, mcause
core   0: 3 0x0000000080000138 (0x342022f3) x5  0x0000000000000007
core   0: 0x000000008000013c (0x00900313) li      t1, 9
core   0: 3 0x000000008000013c (0x00900313) x6  0x0000000000000009
core   0: 0x0000000080000140 (0x04628463) beq     t0, t1, pc + 72
core   0: 3 0x0000000080000140 (0x04628463)
core   0: 0x0000000080000144 (0x00100313) li      t1, 1
core   0: 3 0x0000000080000144 (0x00100313) x6  0x0000000000000001
core   0: 0x0000000080000148 (0x02628c63) beq     t0, t1, pc + 56
core   0: 3 0x0000000080000148 (0x02628c63)
core   0: 0x000000008000014c (0x00500313) li      t1, 5
core   0: 3 0x000000008000014c (0x00500313) x6  0x0000000000000005
core   0: 0x0000000080000150 (0x00628863) beq     t0, t1, pc + 16
core   0: 3 0x0000000080000150 (0x00628863)
core   0: 0x0000000080000154 (0x00700313) li      t1, 7
core   0: 3 0x0000000080000154 (0x00700313) x6  0x0000000000000007
core   0: 0x0000000080000158 (0x00628c63) beq     t0, t1, pc + 24
core   0: 3 0x0000000080000158 (0x00628c63)
core   0: >>>>  handle_store_fault
core   0: 0x0000000080000170 (0x341022f3) csrr    t0, mepc
core   0: 3 0x0000000080000170 (0x341022f3) x5  0x0000000080000114
core   0: 0x0000000080000174 (0x00428293) addi    t0, t0, 4
core   0: 3 0x0000000080000174 (0x00428293) x5  0x0000000080000118
core   0: 0x0000000080000178 (0x34129073) csrw    mepc, t0
core   0: 3 0x0000000080000178 (0x34129073) c833_mepc 0x0000000080000118
core   0: 0x000000008000017c (0x30200073) mret
core   0: 3 0x000000008000017c (0x30200073) c768_mstatus 0x0000000a00000080
core   0: 0x0000000080000118 (0x000802b7) lui     t0, 0x80
core   0: 1 0x0000000080000118 (0x000802b7) x5  0x0000000000080000
core   0: 0x000000008000011c (0x0012829b) addiw   t0, t0, 1
core   0: 1 0x000000008000011c (0x0012829b) x5  0x0000000000080001
core   0: 0x0000000080000120 (0x00c29293) slli    t0, t0, 12
core   0: 1 0x0000000080000120 (0x00c29293) x5  0x0000000080001000
core   0: 0x0000000080000124 (0x00428293) addi    t0, t0, 4
core   0: 1 0x0000000080000124 (0x00428293) x5  0x0000000080001004
core   0: 0x0000000080000128 (0x000280e7) jalr    t0
core   0: 1 0x0000000080000128 (0x000280e7) x1  0x000000008000012c
core   0: exception trap_instruction_access_fault, epc 0x0000000080001004
core   0:           tval 0x0000000080001004
core   0: >>>>  trap_handler
core   0: 0x0000000080000134 (0x343022f3) csrr    t0, mtval
core   0: 3 0x0000000080000134 (0x343022f3) x5  0x0000000080001004
core   0: 0x0000000080000138 (0x342022f3) csrr    t0, mcause
core   0: 3 0x0000000080000138 (0x342022f3) x5  0x0000000000000001
core   0: 0x000000008000013c (0x00900313) li      t1, 9
core   0: 3 0x000000008000013c (0x00900313) x6  0x0000000000000009
core   0: 0x0000000080000140 (0x04628463) beq     t0, t1, pc + 72
core   0: 3 0x0000000080000140 (0x04628463)
core   0: 0x0000000080000144 (0x00100313) li      t1, 1
core   0: 3 0x0000000080000144 (0x00100313) x6  0x0000000000000001
core   0: 0x0000000080000148 (0x02628c63) beq     t0, t1, pc + 56
core   0: 3 0x0000000080000148 (0x02628c63)
core   0: >>>>  handle_instruction_fault
core   0: 0x0000000080000180 (0x34109073) csrw    mepc, ra
core   0: 3 0x0000000080000180 (0x34109073) c833_mepc 0x000000008000012c
core   0: 0x0000000080000184 (0x30200073) mret
core   0: 3 0x0000000080000184 (0x30200073) c768_mstatus 0x0000000a00000080
core   0: 0x000000008000012c (0x00040093) mv      ra, s0
core   0: 1 0x000000008000012c (0x00040093) x1  0x0000000080000058
core   0: 0x0000000080000130 (0x00008067) ret
core   0: 1 0x0000000080000130 (0x00008067)
core   0: 0x0000000080000058 (0x00000073) ecall
core   0: exception trap_supervisor_ecall, epc 0x0000000080000058
core   0: >>>>  trap_handler
core   0: 0x0000000080000134 (0x343022f3) csrr    t0, mtval
core   0: 3 0x0000000080000134 (0x343022f3) x5  0x0000000000000000
core   0: 0x0000000080000138 (0x342022f3) csrr    t0, mcause
core   0: 3 0x0000000080000138 (0x342022f3) x5  0x0000000000000009
core   0: 0x000000008000013c (0x00900313) li      t1, 9
core   0: 3 0x000000008000013c (0x00900313) x6  0x0000000000000009
core   0: 0x0000000080000140 (0x04628463) beq     t0, t1, pc + 72
core   0: 3 0x0000000080000140 (0x04628463)
core   0: >>>>  handle_supervisor_ecall
core   0: 0x0000000080000188 (0x300022f3) csrr    t0, mstatus
core   0: 3 0x0000000080000188 (0x300022f3) x5  0x0000000a00000800
core   0: 0x000000008000018c (0x00002337) lui     t1, 0x2
core   0: 3 0x000000008000018c (0x00002337) x6  0x0000000000002000
core   0: 0x0000000080000190 (0x8003031b) addiw   t1, t1, -2048
core   0: 3 0x0000000080000190 (0x8003031b) x6  0x0000000000001800
core   0: 0x0000000080000194 (0x00536333) or      t1, t1, t0
core   0: 3 0x0000000080000194 (0x00536333) x6  0x0000000a00001800
core   0: 0x0000000080000198 (0x30031073) csrw    mstatus, t1
core   0: 3 0x0000000080000198 (0x30031073) c768_mstatus 0x0000000a00001800
core   0: 0x000000008000019c (0x14102373) csrr    t1, sepc
core   0: 3 0x000000008000019c (0x14102373) x6  0x0000000000000000
core   0: 0x00000000800001a0 (0x34102373) csrr    t1, mepc
core   0: 3 0x00000000800001a0 (0x34102373) x6  0x0000000080000058
core   0: 0x00000000800001a4 (0x00430313) addi    t1, t1, 4
core   0: 3 0x00000000800001a4 (0x00430313) x6  0x000000008000005c
core   0: 0x00000000800001a8 (0x34131073) csrw    mepc, t1
core   0: 3 0x00000000800001a8 (0x34131073) c833_mepc 0x000000008000005c
core   0: 0x00000000800001ac (0x30200073) mret
core   0: 3 0x00000000800001ac (0x30200073) c768_mstatus 0x0000000a00000080
core   0: 0x000000008000005c (0x300023f3) csrr    t2, mstatus
core   0: 3 0x000000008000005c (0x300023f3) x7  0x0000000a00000080
core   0: 0x0000000080000060 (0x00002e37) lui     t3, 0x2
core   0: 3 0x0000000080000060 (0x00002e37) x28 0x0000000000002000
core   0: 0x0000000080000064 (0x800e0e1b) addiw   t3, t3, -2048
core   0: 3 0x0000000080000064 (0x800e0e1b) x28 0x0000000000001800
core   0: 0x0000000080000068 (0x01c3e3b3) or      t2, t2, t3
core   0: 3 0x0000000080000068 (0x01c3e3b3) x7  0x0000000a00001880
core   0: 0x000000008000006c (0x30039073) csrw    mstatus, t2
core   0: 3 0x000000008000006c (0x30039073) c768_mstatus 0x0000000a00001880
core   0: 0x0000000080000070 (0x05c000ef) jal     pc + 0x5c
core   0: 3 0x0000000080000070 (0x05c000ef) x1  0x0000000080000074
core   0: >>>>  test_pmp_access
core   0: 0x00000000800000cc (0x00008413) mv      s0, ra
core   0: 3 0x00000000800000cc (0x00008413) x8  0x0000000080000074
core   0: 0x00000000800000d0 (0x0010029b) addiw   t0, zero, 1
core   0: 3 0x00000000800000d0 (0x0010029b) x5  0x0000000000000001
core   0: 0x00000000800000d4 (0x01f29293) slli    t0, t0, 31
core   0: 3 0x00000000800000d4 (0x01f29293) x5  0x0000000080000000
core   0: 0x00000000800000d8 (0x0002a303) lw      t1, 0(t0)
core   0: exception trap_load_access_fault, epc 0x00000000800000d8
core   0:           tval 0x0000000080000000
core   0: >>>>  trap_handler
core   0: 0x0000000080000134 (0x343022f3) csrr    t0, mtval
core   0: 3 0x0000000080000134 (0x343022f3) x5  0x0000000080000000
core   0: 0x0000000080000138 (0x342022f3) csrr    t0, mcause
core   0: 3 0x0000000080000138 (0x342022f3) x5  0x0000000000000005
core   0: 0x000000008000013c (0x00900313) li      t1, 9
core   0: 3 0x000000008000013c (0x00900313) x6  0x0000000000000009
core   0: 0x0000000080000140 (0x04628463) beq     t0, t1, pc + 72
core   0: 3 0x0000000080000140 (0x04628463)
core   0: 0x0000000080000144 (0x00100313) li      t1, 1
core   0: 3 0x0000000080000144 (0x00100313) x6  0x0000000000000001
core   0: 0x0000000080000148 (0x02628c63) beq     t0, t1, pc + 56
core   0: 3 0x0000000080000148 (0x02628c63)
core   0: 0x000000008000014c (0x00500313) li      t1, 5
core   0: 3 0x000000008000014c (0x00500313) x6  0x0000000000000005
core   0: 0x0000000080000150 (0x00628863) beq     t0, t1, pc + 16
core   0: 3 0x0000000080000150 (0x00628863)
core   0: >>>>  handle_load_fault
core   0: 0x0000000080000160 (0x341022f3) csrr    t0, mepc
core   0: 3 0x0000000080000160 (0x341022f3) x5  0x00000000800000d8
core   0: 0x0000000080000164 (0x00428293) addi    t0, t0, 4
core   0: 3 0x0000000080000164 (0x00428293) x5  0x00000000800000dc
core   0: 0x0000000080000168 (0x34129073) csrw    mepc, t0
core   0: 3 0x0000000080000168 (0x34129073) c833_mepc 0x00000000800000dc
core   0: 0x000000008000016c (0x30200073) mret
core   0: 3 0x000000008000016c (0x30200073) c768_mstatus 0x0000000a00000080
core   0: 0x00000000800000dc (0x0010029b) addiw   t0, zero, 1
core   0: 3 0x00000000800000dc (0x0010029b) x5  0x0000000000000001
core   0: 0x00000000800000e0 (0x01f29293) slli    t0, t0, 31
core   0: 3 0x00000000800000e0 (0x01f29293) x5  0x0000000080000000
core   0: 0x00000000800000e4 (0x00400313) li      t1, 4
core   0: 3 0x00000000800000e4 (0x00400313) x6  0x0000000000000004
core   0: 0x00000000800000e8 (0x0062a023) sw      t1, 0(t0)
core   0: exception trap_store_access_fault, epc 0x00000000800000e8
core   0:           tval 0x0000000080000000
core   0: >>>>  trap_handler
core   0: 0x0000000080000134 (0x343022f3) csrr    t0, mtval
core   0: 3 0x0000000080000134 (0x343022f3) x5  0x0000000080000000
core   0: 0x0000000080000138 (0x342022f3) csrr    t0, mcause
core   0: 3 0x0000000080000138 (0x342022f3) x5  0x0000000000000007
core   0: 0x000000008000013c (0x00900313) li      t1, 9
core   0: 3 0x000000008000013c (0x00900313) x6  0x0000000000000009
core   0: 0x0000000080000140 (0x04628463) beq     t0, t1, pc + 72
core   0: 3 0x0000000080000140 (0x04628463)
core   0: 0x0000000080000144 (0x00100313) li      t1, 1
core   0: 3 0x0000000080000144 (0x00100313) x6  0x0000000000000001
core   0: 0x0000000080000148 (0x02628c63) beq     t0, t1, pc + 56
core   0: 3 0x0000000080000148 (0x02628c63)
core   0: 0x000000008000014c (0x00500313) li      t1, 5
core   0: 3 0x000000008000014c (0x00500313) x6  0x0000000000000005
core   0: 0x0000000080000150 (0x00628863) beq     t0, t1, pc + 16
core   0: 3 0x0000000080000150 (0x00628863)
core   0: 0x0000000080000154 (0x00700313) li      t1, 7
core   0: 3 0x0000000080000154 (0x00700313) x6  0x0000000000000007
core   0: 0x0000000080000158 (0x00628c63) beq     t0, t1, pc + 24
core   0: 3 0x0000000080000158 (0x00628c63)
core   0: >>>>  handle_store_fault
core   0: 0x0000000080000170 (0x341022f3) csrr    t0, mepc
core   0: 3 0x0000000080000170 (0x341022f3) x5  0x00000000800000e8
core   0: 0x0000000080000174 (0x00428293) addi    t0, t0, 4
core   0: 3 0x0000000080000174 (0x00428293) x5  0x00000000800000ec
core   0: 0x0000000080000178 (0x34129073) csrw    mepc, t0
core   0: 3 0x0000000080000178 (0x34129073) c833_mepc 0x00000000800000ec
core   0: 0x000000008000017c (0x30200073) mret
core   0: 3 0x000000008000017c (0x30200073) c768_mstatus 0x0000000a00000080
core   0: 0x00000000800000ec (0x000802b7) lui     t0, 0x80
core   0: 3 0x00000000800000ec (0x000802b7) x5  0x0000000000080000
core   0: 0x00000000800000f0 (0x0012829b) addiw   t0, t0, 1
core   0: 3 0x00000000800000f0 (0x0012829b) x5  0x0000000000080001
core   0: 0x00000000800000f4 (0x00c29293) slli    t0, t0, 12
core   0: 3 0x00000000800000f4 (0x00c29293) x5  0x0000000080001000
core   0: 0x00000000800000f8 (0x00428293) addi    t0, t0, 4
core   0: 3 0x00000000800000f8 (0x00428293) x5  0x0000000080001004
core   0: 0x00000000800000fc (0x0002a303) lw      t1, 0(t0)
core   0: 3 0x00000000800000fc (0x0002a303) x6  0xffffffff87654321 mem 0x0000000080001004
core   0: 0x0000000080000100 (0x000802b7) lui     t0, 0x80
core   0: 3 0x0000000080000100 (0x000802b7) x5  0x0000000000080000
core   0: 0x0000000080000104 (0x0012829b) addiw   t0, t0, 1
core   0: 3 0x0000000080000104 (0x0012829b) x5  0x0000000000080001
core   0: 0x0000000080000108 (0x00c29293) slli    t0, t0, 12
core   0: 3 0x0000000080000108 (0x00c29293) x5  0x0000000080001000
core   0: 0x000000008000010c (0x00428293) addi    t0, t0, 4
core   0: 3 0x000000008000010c (0x00428293) x5  0x0000000080001004
core   0: 0x0000000080000110 (0x00400313) li      t1, 4
core   0: 3 0x0000000080000110 (0x00400313) x6  0x0000000000000004
core   0: 0x0000000080000114 (0x0062a023) sw      t1, 0(t0)
core   0: exception trap_store_access_fault, epc 0x0000000080000114
core   0:           tval 0x0000000080001004
core   0: >>>>  trap_handler
core   0: 0x0000000080000134 (0x343022f3) csrr    t0, mtval
core   0: 3 0x0000000080000134 (0x343022f3) x5  0x0000000080001004
core   0: 0x0000000080000138 (0x342022f3) csrr    t0, mcause
core   0: 3 0x0000000080000138 (0x342022f3) x5  0x0000000000000007
core   0: 0x000000008000013c (0x00900313) li      t1, 9
core   0: 3 0x000000008000013c (0x00900313) x6  0x0000000000000009
core   0: 0x0000000080000140 (0x04628463) beq     t0, t1, pc + 72
core   0: 3 0x0000000080000140 (0x04628463)
core   0: 0x0000000080000144 (0x00100313) li      t1, 1
core   0: 3 0x0000000080000144 (0x00100313) x6  0x0000000000000001
core   0: 0x0000000080000148 (0x02628c63) beq     t0, t1, pc + 56
core   0: 3 0x0000000080000148 (0x02628c63)
core   0: 0x000000008000014c (0x00500313) li      t1, 5
core   0: 3 0x000000008000014c (0x00500313) x6  0x0000000000000005
core   0: 0x0000000080000150 (0x00628863) beq     t0, t1, pc + 16
core   0: 3 0x0000000080000150 (0x00628863)
core   0: 0x0000000080000154 (0x00700313) li      t1, 7
core   0: 3 0x0000000080000154 (0x00700313) x6  0x0000000000000007
core   0: 0x0000000080000158 (0x00628c63) beq     t0, t1, pc + 24
core   0: 3 0x0000000080000158 (0x00628c63)
core   0: >>>>  handle_store_fault
core   0: 0x0000000080000170 (0x341022f3) csrr    t0, mepc
core   0: 3 0x0000000080000170 (0x341022f3) x5  0x0000000080000114
core   0: 0x0000000080000174 (0x00428293) addi    t0, t0, 4
core   0: 3 0x0000000080000174 (0x00428293) x5  0x0000000080000118
core   0: 0x0000000080000178 (0x34129073) csrw    mepc, t0
core   0: 3 0x0000000080000178 (0x34129073) c833_mepc 0x0000000080000118
core   0: 0x000000008000017c (0x30200073) mret
core   0: 3 0x000000008000017c (0x30200073) c768_mstatus 0x0000000a00000080
core   0: 0x0000000080000118 (0x000802b7) lui     t0, 0x80
core   0: 3 0x0000000080000118 (0x000802b7) x5  0x0000000000080000
core   0: 0x000000008000011c (0x0012829b) addiw   t0, t0, 1
core   0: 3 0x000000008000011c (0x0012829b) x5  0x0000000000080001
core   0: 0x0000000080000120 (0x00c29293) slli    t0, t0, 12
core   0: 3 0x0000000080000120 (0x00c29293) x5  0x0000000080001000
core   0: 0x0000000080000124 (0x00428293) addi    t0, t0, 4
core   0: 3 0x0000000080000124 (0x00428293) x5  0x0000000080001004
core   0: 0x0000000080000128 (0x000280e7) jalr    t0
core   0: 3 0x0000000080000128 (0x000280e7) x1  0x000000008000012c
core   0: exception trap_instruction_access_fault, epc 0x0000000080001004
core   0:           tval 0x0000000080001004
core   0: >>>>  trap_handler
core   0: 0x0000000080000134 (0x343022f3) csrr    t0, mtval
core   0: 3 0x0000000080000134 (0x343022f3) x5  0x0000000080001004
core   0: 0x0000000080000138 (0x342022f3) csrr    t0, mcause
core   0: 3 0x0000000080000138 (0x342022f3) x5  0x0000000000000001
core   0: 0x000000008000013c (0x00900313) li      t1, 9
core   0: 3 0x000000008000013c (0x00900313) x6  0x0000000000000009
core   0: 0x0000000080000140 (0x04628463) beq     t0, t1, pc + 72
core   0: 3 0x0000000080000140 (0x04628463)
core   0: 0x0000000080000144 (0x00100313) li      t1, 1
core   0: 3 0x0000000080000144 (0x00100313) x6  0x0000000000000001
core   0: 0x0000000080000148 (0x02628c63) beq     t0, t1, pc + 56
core   0: 3 0x0000000080000148 (0x02628c63)
core   0: >>>>  handle_instruction_fault
core   0: 0x0000000080000180 (0x34109073) csrw    mepc, ra
core   0: 3 0x0000000080000180 (0x34109073) c833_mepc 0x000000008000012c
core   0: 0x0000000080000184 (0x30200073) mret
core   0: 3 0x0000000080000184 (0x30200073) c768_mstatus 0x0000000a00000080
core   0: 0x000000008000012c (0x00040093) mv      ra, s0
core   0: 3 0x000000008000012c (0x00040093) x1  0x0000000080000074
core   0: 0x0000000080000130 (0x00008067) ret
core   0: 3 0x0000000080000130 (0x00008067)
core   0: 0x0000000080000074 (0x00100293) li      t0, 1
core   0: 3 0x0000000080000074 (0x00100293) x5  0x0000000000000001
core   0: 0x0000000080000078 (0x00002317) auipc   t1, 0x2
core   0: 3 0x0000000080000078 (0x00002317) x6  0x0000000080002078
core   0: 0x000000008000007c (0xf8830313) addi    t1, t1, -120
core   0: 3 0x000000008000007c (0xf8830313) x6  0x0000000080002000
core   0: 0x0000000080000080 (0x00532023) sw      t0, 0(t1)
core   0: 3 0x0000000080000080 (0x00532023) mem 0x0000000080002000 0x00000001
core   0: 0x0000000080000084 (0x00000073) ecall
core   0: exception trap_machine_ecall, epc 0x0000000080000084
