core   0: 0x00001000 (0x00000297) auipc   t0, 0x0
core   0: 3 0x00001000 (0x00000297) x5  0x00001000
core   0: 0x00001004 (0x02028593) addi    a1, t0, 32
core   0: 3 0x00001004 (0x02028593) x11 0x00001020
core   0: 0x00001008 (0xf1402573) csrr    a0, mhartid
core   0: 3 0x00001008 (0xf1402573) x10 0x00000000
core   0: 0x0000100c (0x0182a283) lw      t0, 24(t0)
core   0: 3 0x0000100c (0x0182a283) x5  0x80001000 mem 0x00001018
core   0: 0x00001010 (0x00028067) jr      t0
core   0: 3 0x00001010 (0x00028067)
core   0: 0x80001000 (0x11e000ef) jal     pc + 0x11e
core   0: 3 0x80001000 (0x11e000ef) x1  0x80001004
core   0: 0x8000111e (0x300022f3) csrr    t0, mstatus
core   0: 3 0x8000111e (0x300022f3) x5  0x00000000
core   0: 0x80001122 (0x00006309) c.lui   t1, 0x2
core   0: 3 0x80001122 (0x6309) x6  0x00002000
core   0: 0x80001124 (0x80030313) addi    t1, t1, -2048
core   0: 3 0x80001124 (0x80030313) x6  0x00001800
core   0: 0x80001128 (0x0062e2b3) or      t0, t0, t1
core   0: 3 0x80001128 (0x0062e2b3) x5  0x00001800
core   0: 0x8000112c (0x30029073) csrw    mstatus, t0
core   0: 3 0x8000112c (0x30029073) c768_mstatus 0x00001800
core   0: 0x80001130 (0x00008082) ret
core   0: 3 0x80001130 (0x8082)
core   0: 0x80001004 (0x00000297) auipc   t0, 0x0
core   0: 3 0x80001004 (0x00000297) x5  0x80001004
core   0: 0x80001008 (0x06428293) addi    t0, t0, 100
core   0: 3 0x80001008 (0x06428293) x5  0x80001068
core   0: 0x8000100c (0x30529073) csrw    mtvec, t0
core   0: 3 0x8000100c (0x30529073) c773_mtvec 0x80001068
core   0: 0x80001010 (0x00004291) c.li    t0, 4
core   0: 3 0x80001010 (0x4291) x5  0x00000004
core   0: 0x80001012 (0x74729073) csrw    mseccfg, t0
core   0: 3 0x80001012 (0x74729073) c1863_mseccfg 0x00000004
core   0: 0x80001016 (0x800012b7) lui     t0, 0x80001
core   0: 3 0x80001016 (0x800012b7) x5  0x80001000
core   0: 0x8000101a (0x0022d293) srli    t0, t0, 2
core   0: 3 0x8000101a (0x0022d293) x5  0x20000400
core   0: 0x8000101e (0x3b029073) csrw    pmpaddr0, t0
core   0: 3 0x8000101e (0x3b029073) c944_pmpaddr0 0x20000400
core   0: 0x80001022 (0x800012b7) lui     t0, 0x80001
core   0: 3 0x80001022 (0x800012b7) x5  0x80001000
core   0: 0x80001026 (0x0022d293) srli    t0, t0, 2
core   0: 3 0x80001026 (0x0022d293) x5  0x20000400
core   0: 0x8000102a (0x1ff2e293) ori     t0, t0, 511
core   0: 3 0x8000102a (0x1ff2e293) x5  0x200005ff
core   0: 0x8000102e (0x3b129073) csrw    pmpaddr1, t0
core   0: 3 0x8000102e (0x3b129073) c945_pmpaddr1 0x200005ff
core   0: 0x80001032 (0x0707a2b7) lui     t0, 0x707a
core   0: 3 0x80001032 (0x0707a2b7) x5  0x0707a000
core   0: 0x80001036 (0xc8928293) addi    t0, t0, -887
core   0: 3 0x80001036 (0xc8928293) x5  0x07079c89
core   0: 0x8000103a (0x3a029073) csrw    pmpcfg0, t0
core   0: 3 0x8000103a (0x3a029073) c928_pmpcfg0 0x07079c89
core   0: 0x8000103e (0x300022f3) csrr    t0, mstatus
core   0: 3 0x8000103e (0x300022f3) x5  0x00001800
core   0: 0x80001042 (0x00004285) c.li    t0, 1
core   0: 3 0x80001042 (0x4285) x5  0x00000001
core   0: 0x80001044 (0x74729073) csrw    mseccfg, t0
core   0: 3 0x80001044 (0x74729073) c1863_mseccfg 0x00000001
core   0: 0x80001048 (0x0707a2b7) lui     t0, 0x707a
core   0: 3 0x80001048 (0x0707a2b7) x5  0x0707a000
core   0: 0x8000104c (0xc8c28293) addi    t0, t0, -884
core   0: 3 0x8000104c (0xc8c28293) x5  0x07079c8c
core   0: 0x80001050 (0x3a029073) csrw    pmpcfg0, t0
core   0: 3 0x80001050 (0x3a029073) c928_pmpcfg0 0x07079c89
core   0: 0x80001054 (0x00004285) c.li    t0, 1
core   0: 3 0x80001054 (0x4285) x5  0x00000001
core   0: 0x80001056 (0x00004317) auipc   t1, 0x4
core   0: 3 0x80001056 (0x00004317) x6  0x80005056
core   0: 0x8000105a (0xfaa30313) addi    t1, t1, -86
core   0: 3 0x8000105a (0xfaa30313) x6  0x80005000
core   0: 0x8000105e (0x00532023) sw      t0, 0(t1)
core   0: 3 0x8000105e (0x00532023) mem 0x80005000 0x00000001
core   0: 0x80001062 (0x00000073) ecall
core   0: exception trap_machine_ecall, epc 0x80001062
